<?xml version="1.0" encoding="UTF-8"?>
<!-- Generated by org.testng.reporters.JUnitReportReporter -->
<testsuite skipped="0" hostname="DSB-PC" name="com.demoaut.newtours.Testscripts.BookTicketTest" tests="1" failures="0" timestamp="02 Nov 2017 01:21:22 GMT" time="11.494" errors="0">
  <testcase name="ticketBooking" time="11.494" classname="com.demoaut.newtours.Testscripts.BookTicketTest"/>
</testsuite> <!-- com.demoaut.newtours.Testscripts.BookTicketTest -->
