<?xml version="1.0" encoding="UTF-8"?>
<!-- Generated by org.testng.reporters.JUnitReportReporter -->
<testsuite name="com.demoaut.newtours.Testscripts.ValidateUserTest" tests="1" time="4.648" ignored="0" failures="0" timestamp="01 Oct 2019 21:48:25 GMT" skipped="0" hostname="Anwar" errors="0">
  <testcase name="userValidation" time="4.648" classname="com.demoaut.newtours.Testscripts.ValidateUserTest"/>
</testsuite> <!-- com.demoaut.newtours.Testscripts.ValidateUserTest -->
